1000
2260
13
1 233
1 605
2 251
2 287
2 392
2 516
2 544
2 761
3 340
3 494
3 496
4 259
4 329
4 394
4 454
4 489
4 514
4 656
4 809
4 856
5 124
5 484
5 571
5 733
5 748
5 911
6 28
6 116
6 147
6 480
6 822
7 10
7 50
7 158
7 896
7 937
8 311
8 546
8 724
8 791
8 990
9 51
9 72
9 250
9 409
9 455
9 759
10 138
10 205
10 528
10 661
10 847
11 13
11 70
11 188
11 421
11 684
12 357
12 476
12 582
12 604
12 680
12 761
12 969
13 242
13 328
13 865
14 283
14 968
15 88
15 221
15 612
15 702
15 840
16 299
17 492
17 626
17 652
18 485
18 512
18 921
19 151
19 502
19 695
19 818
20 150
20 180
20 230
20 644
20 954
21 256
21 293
21 430
22 81
22 528
22 679
23 180
23 204
23 535
23 630
24 117
24 149
24 414
24 586
24 658
24 861
25 101
25 199
25 384
25 531
25 680
25 736
25 756
25 948
26 121
26 599
26 849
27 91
27 301
27 445
27 699
27 802
27 879
28 350
28 665
29 406
29 480
30 577
31 329
31 786
31 856
31 901
32 65
32 204
33 139
33 161
33 351
33 475
33 516
33 539
33 823
34 51
34 491
35 870
35 921
36 331
36 510
36 587
36 984
37 607
37 636
38 200
38 341
38 735
38 930
39 236
39 455
39 468
39 810
39 823
39 960
39 981
40 47
40 130
40 288
40 530
40 680
41 114
41 636
41 844
42 56
42 180
42 396
42 757
42 861
43 59
43 330
43 506
43 536
43 874
43 878
43 887
44 50
44 176
44 332
44 560
44 697
44 761
44 853
45 235
45 567
45 817
45 956
45 961
46 48
46 430
46 818
47 217
47 493
47 548
47 715
48 586
48 740
49 295
49 310
49 342
49 376
49 423
49 640
49 870
50 116
50 900
51 190
51 228
51 369
51 414
51 617
51 639
51 784
51 805
52 477
52 496
52 521
52 744
52 767
52 859
52 945
53 783
54 103
55 172
55 700
55 843
55 866
56 484
56 531
56 628
56 947
57 139
57 166
57 483
57 662
57 729
57 948
58 207
58 231
58 252
58 422
58 958
59 915
59 936
60 180
60 226
60 563
60 788
61 260
61 328
61 476
61 573
61 785
62 163
62 230
62 290
62 976
62 977
63 562
63 811
63 827
63 948
64 361
64 960
65 129
65 237
65 617
65 985
66 148
66 167
66 182
66 688
68 517
68 664
68 940
69 752
69 753
69 924
69 987
70 200
70 232
70 310
70 659
71 772
71 889
71 929
72 677
72 880
73 106
73 157
73 192
73 334
73 385
73 688
74 709
75 645
75 707
76 545
76 663
76 738
76 770
77 696
78 472
78 669
78 729
78 925
78 926
78 966
79 245
79 298
79 342
79 476
79 596
79 610
79 640
79 953
80 368
80 638
81 263
81 529
81 692
82 437
82 501
82 554
82 659
82 749
82 775
83 442
83 951
84 99
84 216
84 561
84 644
84 770
84 852
84 880
85 270
85 558
86 88
86 163
86 173
86 232
86 302
86 304
86 720
86 761
87 115
87 179
88 155
88 895
89 353
89 852
90 223
90 607
90 991
91 177
91 471
91 526
91 875
92 120
92 177
92 391
92 395
92 460
92 753
93 355
93 435
93 566
93 844
94 577
94 589
94 748
94 956
95 473
96 899
96 993
97 219
97 289
97 495
97 782
98 427
98 896
98 970
99 184
99 247
99 357
99 426
99 518
99 964
99 987
100 118
100 185
100 234
100 256
100 945
101 112
101 394
101 404
101 681
101 751
101 826
101 911
102 147
102 220
102 293
102 643
102 957
103 129
103 249
103 409
103 556
103 667
103 738
103 794
103 827
103 835
104 234
104 317
104 688
104 707
104 991
105 342
105 971
106 270
106 366
106 599
106 797
107 165
107 376
107 581
107 822
107 842
108 217
108 385
108 433
108 659
108 683
108 724
108 902
108 904
109 203
109 624
109 774
109 951
110 293
110 819
110 877
110 967
111 325
111 384
111 619
112 126
112 264
112 733
113 422
113 826
114 379
114 538
114 667
115 216
115 237
115 245
115 643
115 644
116 967
117 363
117 442
117 522
117 609
118 551
118 635
119 772
119 826
119 876
119 884
119 981
120 273
120 317
120 641
120 810
121 302
121 528
121 541
122 197
122 220
122 255
122 310
122 427
122 685
122 882
123 247
123 417
123 626
123 894
123 914
124 135
124 204
124 354
124 491
124 652
124 713
124 862
125 936
125 997
126 369
126 375
126 417
126 834
127 221
127 470
127 483
127 547
127 562
127 910
128 358
128 440
128 483
128 505
128 731
129 214
129 728
130 573
130 598
130 672
130 750
130 882
130 950
131 191
131 197
131 385
131 600
132 307
132 512
132 522
132 524
132 595
132 674
132 792
133 365
133 374
133 459
133 498
133 703
134 178
134 199
134 239
134 405
134 611
134 788
134 915
135 559
135 654
136 553
136 741
136 874
137 244
137 335
137 384
137 912
138 483
138 972
139 464
140 182
140 384
140 571
140 732
140 826
140 912
141 883
141 934
142 522
142 688
142 690
142 720
142 835
142 947
143 350
143 976
144 171
144 302
144 456
144 533
144 625
144 815
145 313
145 330
145 540
145 563
146 260
146 386
146 389
146 759
147 230
147 336
147 348
148 153
148 348
148 419
148 437
148 510
148 513
148 626
149 240
149 340
149 376
149 786
150 231
150 459
150 713
150 971
151 173
151 439
151 492
151 710
151 943
151 975
151 976
152 566
152 936
152 940
153 168
153 446
153 526
153 560
153 699
154 409
154 931
155 304
156 259
156 380
156 609
156 899
156 951
157 752
157 843
158 843
158 856
159 408
159 656
159 880
160 220
160 436
160 675
160 826
161 436
161 653
161 841
161 954
162 195
162 354
162 400
162 452
162 465
162 908
163 487
163 516
164 999
165 242
165 287
165 332
165 591
165 665
165 748
166 197
166 498
166 734
166 779
166 891
167 324
167 349
168 542
169 253
169 357
169 385
169 489
169 866
170 207
170 469
170 677
170 697
170 807
171 377
171 563
171 576
171 873
171 943
171 958
172 295
172 539
172 812
173 203
173 733
174 195
175 187
175 436
175 621
176 295
176 526
176 599
176 892
176 994
177 833
178 333
178 676
178 679
178 744
178 826
178 906
179 450
179 573
179 911
179 920
179 967
180 228
180 382
180 713
180 805
180 923
180 943
181 417
182 192
182 227
182 241
182 507
182 762
182 771
183 300
183 447
183 548
183 580
183 841
184 362
184 393
184 820
184 910
185 848
186 325
186 356
186 393
187 290
187 706
188 311
188 338
188 385
188 682
188 743
188 929
189 221
189 331
189 383
189 409
189 559
189 576
189 998
190 206
190 354
190 514
190 539
190 549
190 744
191 334
191 668
191 881
192 672
192 941
193 335
193 357
193 738
194 851
195 206
195 425
195 577
195 975
196 459
196 857
197 350
197 354
197 459
197 546
197 879
198 201
198 242
198 393
198 487
198 711
199 670
199 853
199 944
200 295
200 390
200 769
201 320
201 915
202 727
202 783
202 953
203 450
203 915
204 678
204 684
204 708
204 748
204 982
205 390
205 757
205 905
206 224
206 373
206 650
206 734
207 290
207 375
207 658
207 733
207 850
208 564
208 755
208 759
209 455
209 475
209 702
209 780
209 885
210 327
210 441
210 458
211 398
211 406
211 743
211 758
212 585
212 613
212 936
213 725
214 310
214 893
215 484
215 589
216 275
216 688
217 548
218 397
218 497
218 684
218 729
218 851
218 966
219 791
221 295
221 647
221 684
221 736
221 744
221 817
222 269
222 439
222 600
223 264
223 285
223 666
224 296
224 362
224 727
224 776
225 261
225 439
225 440
225 491
225 501
226 397
226 625
226 765
226 819
227 431
227 501
227 853
227 895
227 920
228 234
228 576
228 596
228 673
229 359
229 640
229 778
230 259
230 404
230 659
230 863
231 485
231 822
231 885
232 529
232 834
232 844
233 442
233 579
233 709
233 893
234 290
234 607
234 709
234 734
234 786
234 908
234 911
236 566
236 867
237 317
237 437
237 481
237 594
237 689
237 772
238 265
238 324
238 947
240 358
240 611
240 773
241 255
241 763
241 825
241 864
241 990
242 499
242 518
242 800
242 937
242 972
242 999
243 597
244 266
244 688
244 853
244 954
245 542
245 658
245 760
246 251
246 473
247 528
247 646
247 777
247 924
248 373
248 408
248 502
248 732
249 282
249 424
249 601
249 824
249 856
250 365
250 553
250 797
250 811
250 993
251 461
252 255
252 449
252 479
252 892
252 895
253 334
253 561
253 657
253 992
254 519
254 529
254 635
254 810
255 612
256 596
256 755
257 377
257 458
257 639
257 977
258 406
258 868
258 996
259 426
260 270
260 328
262 312
262 556
262 750
262 817
262 937
262 978
263 287
263 525
263 911
264 303
264 311
264 569
264 657
264 830
265 645
265 721
266 346
267 298
267 511
267 693
267 820
268 647
269 324
269 415
269 439
269 840
270 282
270 462
270 482
270 582
270 737
270 780
270 917
270 974
271 292
271 678
271 731
271 882
272 327
272 581
272 741
273 687
273 864
274 405
274 583
274 830
275 624
275 788
275 875
276 876
277 707
278 567
279 633
279 730
279 736
280 578
280 746
280 836
280 918
280 923
281 369
281 695
281 720
282 302
282 698
282 943
283 740
285 602
285 683
285 800
286 355
286 390
286 487
286 547
286 926
286 946
287 522
287 684
287 931
288 292
288 773
289 672
289 695
289 717
289 890
290 571
290 617
291 472
291 514
291 573
291 613
292 472
292 973
292 991
293 522
293 573
293 681
293 736
293 745
294 535
294 556
294 623
294 810
295 536
295 609
295 904
296 409
296 769
297 317
297 335
297 819
297 982
298 391
298 468
298 985
299 805
301 554
301 795
301 903
301 913
302 360
302 382
302 446
302 826
303 351
303 444
303 464
303 609
303 647
304 645
304 947
305 407
305 588
305 688
305 861
306 458
306 548
306 575
306 712
306 754
306 779
307 555
308 332
309 468
310 507
310 645
310 948
311 397
311 587
311 760
311 787
312 351
312 422
313 358
313 447
313 482
313 628
313 711
314 449
314 719
314 752
314 754
314 830
315 378
316 414
316 994
317 323
317 722
317 858
317 971
319 452
319 725
319 736
319 915
320 669
320 700
320 979
321 329
321 514
321 878
322 668
322 780
322 844
323 420
323 823
324 481
324 587
325 366
325 560
325 728
325 884
325 887
326 657
326 719
327 446
327 574
327 716
327 838
327 912
328 420
328 428
328 818
328 852
329 347
329 417
329 439
329 543
329 720
329 797
330 546
330 642
330 703
330 887
330 894
330 896
331 813
332 458
332 504
332 510
332 708
332 780
332 828
333 359
333 573
333 705
333 722
333 727
333 971
334 379
334 545
334 615
334 645
334 765
334 776
334 925
335 765
335 767
335 836
336 718
336 950
337 610
337 726
338 713
338 867
339 416
339 746
339 804
339 831
340 621
340 631
340 723
340 775
340 797
340 874
340 977
341 371
341 492
341 567
341 715
341 720
341 868
342 374
342 395
342 604
342 900
343 687
343 690
344 420
344 575
344 693
344 924
345 478
345 855
346 621
346 810
346 892
346 955
346 997
347 608
347 975
349 371
349 490
349 584
349 729
349 823
350 389
350 631
350 726
351 393
351 557
352 400
352 647
352 753
352 891
352 995
353 595
354 600
354 673
354 794
354 818
355 388
355 575
355 734
356 943
357 586
358 597
358 604
358 934
358 969
359 400
359 440
359 919
360 414
360 417
360 546
360 584
360 610
360 874
360 889
361 424
361 486
361 538
362 796
362 941
363 430
363 528
363 558
363 654
363 703
364 928
364 970
365 606
365 688
365 915
366 470
366 549
366 874
366 897
367 589
367 804
368 680
368 690
368 963
369 534
369 586
369 996
370 773
370 820
370 874
371 766
372 421
372 444
372 670
372 848
372 973
373 487
373 696
375 379
375 969
376 418
377 442
377 546
377 706
378 437
378 540
378 553
378 886
379 539
379 630
379 678
379 697
379 709
379 724
381 934
382 412
382 461
382 483
382 905
382 992
384 653
384 774
385 458
385 696
385 910
385 915
385 965
386 816
387 441
387 560
387 975
388 486
388 645
389 766
389 978
390 512
390 698
390 740
390 883
391 596
391 945
392 680
392 926
393 810
393 937
393 995
394 448
394 633
394 810
395 701
395 728
395 756
395 926
396 951
397 774
397 819
397 997
398 663
399 731
399 743
399 862
400 407
400 419
400 455
400 539
400 930
400 936
401 404
401 841
401 906
401 928
402 649
402 714
402 771
403 437
403 646
403 949
405 474
405 517
405 591
405 706
405 913
406 577
406 578
406 688
406 815
407 625
407 995
408 491
408 650
410 637
410 782
411 444
411 513
411 605
411 884
411 891
413 906
413 921
415 433
415 518
416 462
416 639
416 888
417 728
417 906
418 571
418 726
419 486
419 493
419 539
419 611
420 451
421 436
421 482
421 765
422 835
422 920
422 937
422 964
423 799
424 476
424 704
424 829
425 429
425 825
425 900
426 489
426 513
426 552
429 751
429 969
430 699
430 798
430 931
431 503
431 766
431 836
431 844
431 848
432 988
433 598
433 627
433 658
433 996
434 872
435 833
435 838
435 882
436 777
436 942
437 439
437 442
437 540
437 835
438 531
438 835
439 599
439 833
440 777
440 792
441 515
441 613
441 923
442 652
442 702
442 876
444 487
444 911
444 931
445 446
445 939
446 811
446 831
447 591
447 663
447 816
447 872
447 893
447 951
448 620
448 643
448 675
448 850
448 882
448 909
448 947
448 999
449 467
449 664
449 695
449 822
450 452
451 826
451 961
452 884
453 617
454 819
455 542
455 579
456 476
456 508
456 535
456 716
456 834
457 484
457 598
457 753
457 977
457 997
458 490
458 568
458 580
458 660
458 694
458 776
458 892
458 938
459 867
459 935
460 467
460 523
460 795
460 931
461 549
461 584
461 680
461 888
462 495
463 708
463 900
463 983
464 575
464 596
464 788
464 882
464 940
464 941
465 546
465 671
465 863
466 586
466 697
466 955
467 535
467 756
467 763
467 852
468 551
468 553
468 748
468 793
468 842
469 655
469 705
469 996
470 650
470 894
470 938
471 664
471 702
471 762
471 951
472 534
472 593
472 621
472 715
472 761
472 828
472 948
472 996
473 530
473 647
473 691
473 742
473 749
473 766
473 774
474 521
474 539
474 704
474 846
474 919
474 931
476 523
476 690
476 749
476 812
476 911
477 865
477 887
477 959
478 620
479 690
479 792
479 803
479 965
480 665
480 943
480 967
481 840
481 871
481 945
482 507
482 791
482 892
483 701
483 823
484 557
484 830
484 869
485 819
485 936
486 516
486 611
486 799
486 846
486 877
486 951
487 689
487 721
487 870
487 910
487 939
488 516
488 673
488 761
488 797
489 933
490 579
490 618
490 668
491 606
492 816
492 853
493 835
494 712
496 725
496 906
497 668
497 826
498 793
499 644
499 691
499 714
499 737
499 781
500 708
500 733
501 852
501 931
501 948
502 552
503 620
503 655
504 516
504 519
504 732
505 537
505 604
505 723
505 810
506 682
506 758
506 856
507 869
507 976
508 645
508 717
508 984
509 712
509 745
509 905
509 954
511 948
512 902
513 944
514 537
514 763
515 525
515 701
515 809
515 977
516 738
516 932
516 998
517 572
517 584
517 685
518 761
519 634
519 646
519 876
521 888
521 954
522 610
522 617
522 973
523 850
523 852
523 935
524 565
524 599
525 629
525 880
526 648
526 755
527 825
528 870
529 809
529 853
529 901
530 872
530 957
530 965
531 535
531 668
531 773
532 619
532 635
533 939
534 892
537 627
537 668
537 894
537 958
537 978
538 604
539 663
539 754
539 894
540 706
540 913
541 915
542 702
542 729
542 810
543 725
544 594
544 736
545 835
546 755
546 983
547 781
548 728
548 777
549 552
549 565
549 650
549 896
550 670
550 874
551 790
551 987
552 753
552 936
553 861
553 937
553 971
554 624
555 952
556 598
556 912
556 918
558 616
559 671
559 814
560 747
560 752
560 754
561 644
561 754
562 660
562 700
562 801
562 809
564 741
564 977
565 821
566 729
566 749
568 710
568 811
569 642
569 644
570 656
570 817
570 891
571 781
571 846
572 813
573 644
573 812
574 601
576 677
576 795
576 899
577 664
577 888
577 913
578 767
578 786
578 905
579 953
580 617
580 640
580 749
580 980
580 992
581 995
582 833
582 856
582 998
583 706
584 755
584 911
584 983
586 650
586 696
586 721
587 666
587 888
587 974
589 668
589 785
590 643
590 823
590 876
591 936
592 738
592 758
593 639
593 801
594 846
596 804
596 874
597 846
597 879
597 974
598 612
598 689
598 702
598 710
598 904
599 618
599 963
600 617
600 736
601 625
601 692
601 732
601 752
602 867
602 892
603 622
603 697
604 877
604 930
604 979
605 685
605 815
606 674
606 860
607 655
607 675
607 681
607 935
607 944
607 970
608 940
609 700
609 748
609 824
610 881
610 955
611 655
611 720
611 781
612 734
612 854
613 678
613 801
613 839
613 862
615 672
616 672
616 743
616 844
617 748
617 942
618 629
618 657
618 888
619 652
619 729
619 821
620 718
620 963
622 642
622 763
623 711
623 811
623 881
623 947
624 877
624 888
624 986
627 799
628 786
631 706
632 648
632 985
635 859
635 953
635 977
636 847
636 982
638 737
639 660
640 884
641 760
642 776
642 852
643 804
644 757
645 947
647 786
648 718
648 762
649 788
649 878
650 661
651 673
651 898
653 987
654 874
654 914
655 766
655 969
655 988
657 788
657 995
658 781
659 933
660 675
660 691
660 830
660 891
662 845
663 808
663 987
664 728
664 771
664 880
666 902
667 772
667 843
669 832
669 966
670 795
670 841
670 882
671 713
672 987
675 788
675 892
675 930
676 957
677 720
678 956
679 860
681 744
681 954
682 714
682 785
683 751
683 803
683 849
684 956
685 695
685 966
685 973
685 985
686 761
686 820
686 955
688 706
689 912
690 835
690 981
691 749
691 822
691 934
691 935
691 950
692 764
692 896
694 846
695 732
695 830
698 756
698 779
698 923
698 995
699 721
701 727
701 951
702 769
702 849
703 906
704 871
704 884
705 814
708 748
708 950
709 822
709 971
710 890
711 791
711 862
711 923
712 772
712 879
715 735
715 993
717 814
718 890
719 917
720 886
721 759
721 991
722 886
723 860
724 850
725 799
725 862
725 890
726 983
727 765
728 805
730 788
730 902
731 794
731 805
731 827
733 831
735 778
735 909
735 928
736 926
737 746
737 883
737 995
738 780
738 913
740 932
742 965
743 966
744 893
745 976
749 765
749 780
750 765
751 821
751 936
753 903
755 771
755 968
757 839
758 868
759 869
760 977
761 875
761 943
761 952
762 863
762 917
763 991
765 806
766 928
766 937
767 841
767 848
768 805
768 876
770 805
770 806
772 840
772 855
773 948
774 946
775 887
779 811
780 860
780 902
781 799
781 813
781 950
781 969
782 783
784 823
785 798
785 925
785 927
785 947
786 843
787 895
787 958
788 815
789 799
789 803
791 793
791 870
791 908
792 860
793 859
793 957
795 998
796 929
797 948
798 885
799 924
800 889
804 873
804 982
806 930
806 984
806 990
809 980
811 878
814 940
815 848
816 910
817 846
817 953
820 915
821 874
822 853
823 852
824 866
824 949
827 876
828 903
829 944
830 914
830 997
831 897
833 895
841 926
841 948
845 941
846 884
849 963
850 917
851 855
852 902
852 975
857 942
858 989
859 887
859 910
860 907
862 972
867 987
871 901
871 939
874 904
874 980
880 884
881 884
885 912
885 931
886 922
886 952
889 914
889 937
890 892
897 905
903 962
914 925
914 960
917 934
920 966
924 989
924 996
928 933
930 948
939 973
942 946
942 976
944 960
944 978
949 958
951 964
951 980
961 985
961 999
968 986
992 995
0 1
2 3
4 5
6 7
8 9
10 11
12 13
14 15
16 17
18 19
20
0
24
0
26
0
28
0
30
0
33
0
35
0
37
0
39
0
41
0
44
0
0
0
0
0
0
0
0
54
0
0
0
0
0
0
0
0
0
0
0
0
0
0
0
0
0
0
21
23
0
25
26
0
0
0
0
31
0
0
35
0
0
0
0
0
41
0
0
0
0
0
0
0
0
0
0
0
1
1
1
1
1
1
1
1
1
1
1
15
1
1
1
1
1
1
1
1
1
1
27
1
1
1
1
1
1
1
1
1
1
1
1
41
1
1
44
1
1
48
1
50
1
1
1
1
1
1
1
1
60
1
1
1
1
1
66
1
1
1
1
1
1
1
1
1
1
1
26
1
1
1
1
1
33
1
1
1
1
1
1
1
1
1
44
1
46
1
1
1
1
1
53
1
55
1
1
1
2
2
2
2
2
2
2
2
2
2
2
2
2
2
2
24
2
2
2
2
2
2
2
2
34
2
2
2
2
39
2
2
2
2
2
2
2
2
2
2
2
2
2
2
56
2
2
2
2
2
62
64
2
2
2
2
2
2
2
2
2
2
2
2
78
79
2
2
2
2
2
2
2
2
36
2
2
2
40
2
2
2
45
2
47
2
2
50
51
52
2
2
56
57
2
2
2
2
62
2
3
3
3
3
3
3
3
3
3
3
3
3
3
3
3
82
3
3
3
3
3
3
3
3
3
40
3
3
3
3
3
3
3
3
3
3
3
3
3
3
56
3
3
3
3
3
3
3
3
3
3
3
70
3
3
73
3
3
76
3
3
3
3
3
3
3
3
3
3
3
3
3
3
3
41
3
3
3
45
3
3
49
50
3
3
3
3
3
3
57
3
3
61
3
63
3
3
66
3
3
4
4
4
4
4
4
4
4
4
4
4
4
4
4
4
4
4
4
4
4
4
4
4
4
4
4
4
47
4
4
50
4
4
4
4
56
4
4
4
4
4
4
64
4
4
4
4
4
4
4
4
4
75
4
4
4
79
4
4
82
83
4
4
4
88
89
4
91
4
93
4
96
4
4
99
100
4
4
103
4
4
54
4
4
57
58
4
4
4
4
63
4
4
4
4
4
4
71
4
73
5
5
5
5
5
5
5
5
5
5
5
5
5
5
5
5
5
5
5
5
5
5
5
5
5
5
5
5
5
5
108
5
5
5
5
5
5
5
5
12
5
5
16
5
5
5
5
5
22
5
5
5
5
5
5
5
5
5
33
5
35
5
5
5
5
5
5
5
5
5
5
5
5
5
5
52
5
5
5
5
57
5
5
5
5
5
5
5
13
5
5
5
5
5
5
21
5
5
5
5
6
6
6
6
6
6
6
6
6
6
6
6
6
6
6
6
6
6
6
6
6
6
6
6
6
6
6
6
6
6
6
6
6
6
6
66
6
6
6
6
18
20
6
6
6
24
6
6
27
6
6
6
6
6
6
6
6
6
6
6
6
6
43
44
6
6
47
6
6
6
6
53
6
55
6
57
6
6
60
6
6
6
6
6
6
6
6
70
6
72
6
22
6
6
6
26
27
28
29
6
7
7
7
7
7
7
7
7
7
7
7
7
7
7
7
7
7
7
52
7
7
7
7
7
7
7
7
7
7
64
7
7
7
7
7
7
7
73
7
7
7
7
7
80
28
7
7
7
7
7
34
7
7
7
7
7
7
7
43
7
7
7
7
7
7
7
7
53
7
55
7
58
59
7
61
7
7
7
7
66
7
7
7
7
72
7
7
75
76
7
7
7
81
7
83
84
7
7
7
7
8
8
8
8
8
8
44
8
8
8
8
8
8
8
8
8
55
8
8
8
8
61
62
8
8
8
66
8
8
8
8
8
8
8
75
8
77
8
79
8
8
8
8
8
8
8
88
8
8
8
8
8
8
8
8
8
8
8
8
8
8
8
8
8
8
8
57
8
8
60
8
8
8
8
8
8
68
8
70
8
8
8
8
76
8
8
8
8
8
82
8
8
8
87
8
8
90
91
8
93
9
9
9
9
9
9
9
50
9
9
9
9
9
9
9
59
9
9
9
9
9
9
9
9
9
9
9
9
73
9
9
9
9
9
9
81
9
83
9
9
9
9
9
9
9
92
9
9
9
9
9
9
9
9
102
9
51
52
9
9
55
9
9
9
9
9
9
9
9
65
9
68
9
9
9
72
9
9
9
9
9
79
9
81
9
83
9
85
9
87
9
9
9
9
9
9
95
9
9
98
10
10
10
10
10
10
10
10
10
10
10
10
10
10
10
10
10
10
103
10
10
10
10
Time in seconds: 53.5619
