500
1107
12
0 6
0 72
0 219
0 237
0 264
0 347
1 23
1 26
1 149
1 195
1 300
1 347
2 10
2 81
2 472
3 36
3 119
3 336
3 368
3 482
4 14
4 238
5 12
5 270
5 398
5 454
6 15
6 51
6 62
6 89
6 214
6 227
6 268
6 317
6 428
7 270
7 371
8 220
8 222
8 319
8 357
8 370
9 50
9 95
9 163
9 191
9 232
9 312
9 479
10 163
10 172
10 456
11 60
11 116
11 213
11 266
11 477
11 481
12 103
12 111
12 144
12 220
12 398
13 46
13 106
13 265
13 266
13 286
13 353
13 446
14 332
15 275
15 430
16 96
16 128
16 174
16 263
16 393
16 433
17 106
17 113
17 186
17 337
17 403
18 281
18 357
19 134
19 192
19 286
19 375
20 61
20 87
20 128
20 134
20 226
20 276
20 348
20 453
21 104
21 142
21 472
22 131
22 236
22 389
22 425
23 330
23 379
23 436
23 467
24 144
24 251
24 284
24 354
25 47
25 70
25 346
25 458
26 345
26 453
27 81
28 93
28 209
28 254
28 320
29 47
29 354
29 466
29 483
30 263
30 497
31 37
31 203
31 276
31 375
31 387
31 494
32 124
32 294
32 304
32 450
33 273
33 334
34 247
34 366
34 496
35 63
35 98
35 160
35 201
35 214
35 271
35 333
36 106
36 110
36 223
36 237
37 43
37 179
37 452
37 496
38 197
39 200
39 252
41 114
41 178
41 423
41 457
42 63
42 238
42 316
42 423
43 180
43 275
43 281
43 295
43 299
43 309
43 399
43 429
44 330
44 412
44 422
44 448
44 471
45 112
45 318
45 328
45 390
45 413
45 481
46 286
47 218
47 247
47 377
47 439
47 460
48 82
48 146
48 403
48 415
48 431
49 141
49 152
49 199
49 344
49 382
49 494
50 54
50 61
50 294
50 371
50 390
50 453
51 66
51 80
51 227
51 255
51 321
51 375
51 376
52 71
52 115
52 150
52 239
52 444
53 97
53 109
53 449
54 149
54 314
54 368
54 385
55 283
55 293
55 343
55 371
55 489
56 92
56 413
56 464
57 191
57 237
57 285
58 82
58 182
58 290
59 165
59 391
59 434
60 64
60 112
60 128
60 251
60 327
60 383
60 399
60 434
60 476
61 100
61 265
61 487
62 340
62 399
62 450
62 456
63 435
63 441
64 91
64 213
64 310
64 349
64 381
65 167
65 220
65 222
65 227
65 254
65 426
66 256
66 360
66 363
66 395
66 439
66 471
67 106
67 166
67 239
67 282
67 485
68 170
68 274
68 302
68 348
69 88
69 92
69 116
70 200
71 144
71 162
71 216
71 478
72 135
72 220
72 317
72 487
73 180
73 379
74 250
74 400
75 101
75 181
75 349
76 160
76 205
76 209
77 189
77 197
77 252
77 324
77 331
77 382
77 476
77 491
78 121
78 229
79 81
79 83
79 172
79 323
80 202
80 221
80 346
80 370
81 202
81 352
82 303
82 308
82 397
82 450
83 132
83 453
83 472
84 178
85 97
85 149
85 225
85 356
86 117
86 337
86 371
87 349
87 421
87 444
87 458
88 179
88 232
88 247
88 359
89 194
89 326
89 339
90 220
90 248
90 388
91 251
91 272
91 274
91 299
91 447
92 204
92 349
92 368
92 419
92 425
93 164
93 176
93 324
93 401
93 446
94 228
94 281
94 322
95 178
95 461
95 464
96 121
96 204
96 336
96 372
96 443
96 490
97 351
97 458
98 151
98 174
98 210
98 488
99 246
99 257
100 362
100 389
100 486
101 331
101 456
102 236
103 161
103 260
103 262
103 417
104 186
104 221
104 293
104 315
104 474
105 369
105 378
105 382
105 480
106 107
106 248
106 308
106 324
106 450
106 474
110 267
110 490
111 323
111 418
111 479
112 126
112 394
112 453
113 209
113 321
113 401
113 471
114 247
114 390
114 461
115 149
115 224
115 284
116 177
116 450
116 452
116 489
117 157
117 347
118 128
118 231
118 296
118 438
119 140
119 159
119 200
120 147
120 187
120 314
120 443
121 265
121 467
122 264
122 271
122 336
122 401
122 409
123 134
124 203
124 341
124 401
124 421
125 153
125 217
125 219
125 334
125 367
125 443
125 479
125 499
126 161
126 188
126 262
126 268
126 286
126 313
126 367
126 383
126 395
126 457
127 242
127 272
127 390
127 405
127 446
128 456
128 464
129 222
129 232
129 341
129 369
129 385
129 443
129 480
130 231
130 244
130 444
131 293
131 346
131 358
131 440
132 244
132 466
133 305
133 445
133 468
134 143
134 231
134 396
135 249
135 317
136 218
136 253
136 286
137 259
137 267
138 199
138 216
138 285
139 223
139 349
140 334
140 398
140 402
141 150
141 203
141 331
142 259
142 389
142 455
143 159
143 208
143 215
143 293
143 328
143 427
144 165
144 369
145 158
145 245
145 269
145 335
145 457
145 468
146 289
146 437
147 190
147 391
147 495
148 180
148 369
148 430
148 436
149 165
149 369
150 167
150 202
151 250
151 278
152 252
152 262
152 328
152 330
153 359
154 294
154 408
155 202
155 207
155 265
155 401
155 444
155 490
156 179
156 283
156 494
157 302
157 400
158 229
158 348
158 480
158 481
159 280
159 445
159 470
159 477
160 204
160 271
160 342
160 456
160 489
161 249
161 319
163 222
163 268
163 486
164 319
164 390
165 186
165 325
165 349
166 387
167 205
167 283
167 350
167 372
168 176
168 207
168 212
168 286
168 404
168 463
168 492
169 360
170 214
170 258
170 448
170 476
171 176
171 368
171 445
172 293
172 300
172 344
172 425
173 368
173 469
173 472
174 340
174 433
175 436
176 227
176 434
177 195
177 415
178 253
178 372
178 492
179 235
179 368
180 448
181 233
181 319
181 391
181 401
181 460
183 233
184 205
184 350
184 418
184 465
185 295
185 334
186 237
186 404
186 498
187 237
187 449
188 273
188 458
189 200
189 229
189 292
189 473
190 276
190 281
190 423
190 466
192 276
192 335
192 338
192 412
194 273
195 397
196 229
196 279
196 487
197 251
197 336
197 406
197 444
197 459
197 462
198 218
198 327
198 382
198 402
200 317
200 416
200 446
201 304
201 331
201 409
201 438
202 336
202 360
203 372
203 373
203 435
204 334
204 461
205 234
205 323
205 370
206 430
207 405
207 422
207 424
208 275
208 323
209 241
210 271
210 281
210 414
210 432
211 233
211 399
212 411
213 493
214 288
214 404
214 409
215 223
215 387
215 435
216 311
217 248
217 298
217 316
217 493
218 391
218 393
218 425
219 280
219 383
219 408
219 494
220 440
221 346
221 380
221 404
221 468
222 297
222 309
222 346
223 257
223 298
223 309
224 289
224 341
224 488
225 332
226 275
226 391
227 289
227 294
227 428
227 486
228 391
228 441
230 257
230 347
232 267
232 286
232 328
232 357
232 479
233 306
234 273
234 281
234 299
234 365
235 335
236 342
236 379
237 305
237 345
238 375
239 246
239 268
239 313
239 327
239 437
240 440
240 485
241 436
242 300
242 356
242 384
242 406
242 474
243 423
244 310
245 442
245 476
246 297
246 374
246 380
246 413
246 428
248 306
249 444
250 497
251 494
252 338
252 469
253 292
253 302
253 334
253 424
255 264
255 274
255 360
256 261
256 479
257 432
257 467
258 304
260 290
260 413
261 309
261 327
261 409
261 445
261 460
262 296
262 416
263 300
263 339
263 485
264 283
264 294
264 373
265 366
266 298
266 496
267 329
267 385
267 393
267 478
268 360
268 423
269 365
269 393
270 409
271 473
272 319
272 496
273 343
273 418
273 432
274 392
275 311
275 366
276 328
276 479
277 309
277 369
277 373
277 388
278 346
278 347
278 429
278 439
279 287
279 321
279 327
279 366
279 391
279 415
279 484
280 479
280 494
282 483
283 432
283 483
284 413
285 374
285 386
285 468
286 320
286 428
286 453
286 455
286 464
287 291
287 431
287 464
288 400
288 422
288 442
291 344
293 331
293 467
294 343
295 315
296 462
297 390
299 301
299 420
300 366
300 440
301 403
301 425
301 443
301 499
302 395
302 413
302 456
303 311
303 338
303 371
304 338
304 428
305 444
306 337
306 409
306 455
307 410
308 377
308 462
308 493
309 335
309 362
309 369
309 417
309 464
310 326
310 354
310 365
310 406
310 434
311 398
311 409
311 412
311 468
311 477
312 329
312 350
312 495
313 381
313 384
314 331
314 450
315 364
315 370
315 412
316 343
316 348
316 409
316 470
316 474
317 426
318 373
318 383
318 386
318 398
320 456
321 349
322 432
324 396
324 397
324 477
328 348
328 400
328 422
328 463
329 467
330 331
330 379
330 404
330 410
330 420
331 337
331 443
331 462
332 421
332 481
335 425
336 425
336 495
337 373
337 450
338 378
338 400
339 373
339 407
339 493
341 440
342 346
342 464
344 452
345 428
345 489
346 409
347 407
348 474
351 467
352 391
352 436
354 407
354 411
356 490
357 406
358 375
358 382
358 473
359 413
360 439
362 462
365 390
366 371
366 422
366 458
367 473
369 425
369 488
372 384
372 425
372 446
372 498
373 387
373 448
374 379
375 416
376 491
377 469
379 401
382 497
383 391
383 413
390 408
392 414
392 447
392 457
394 449
395 454
396 423
396 477
397 408
399 440
399 445
399 452
399 498
400 426
401 478
403 427
403 428
406 470
408 439
409 443
409 488
409 491
410 417
410 433
411 415
412 462
413 448
413 458
414 490
416 450
416 470
416 471
418 496
419 437
421 471
422 427
423 439
423 479
426 444
426 453
427 468
434 463
436 493
438 491
440 477
442 486
446 461
447 496
448 491
450 494
452 487
453 456
453 463
454 472
461 485
461 489
463 479
465 489
478 481
486 487
487 489
0 1
2 3
4 5
6 7
8 9
10 11
12 13
19
0
17
0
19
0
22
23
0
0
26
27
0
0
30
32
0
0
0
0
0
0
0
0
0
0
0
0
0
0
0
0
0
0
0
0
0
0
8
0
0
0
0
0
0
0
0
0
19
0
0
0
0
0
0
27
0
0
0
0
0
33
34
0
36
0
0
40
0
0
0
44
45
46
0
0
0
0
0
0
0
55
56
57
1
1
1
1
1
1
1
1
1
1
1
1
1
1
26
1
1
1
1
1
1
1
1
1
37
1
1
1
1
1
1
1
1
1
48
1
1
1
52
1
1
1
1
58
1
60
1
1
1
15
1
18
1
1
1
1
1
24
1
1
1
1
1
1
32
1
34
35
36
1
38
1
1
1
1
44
45
1
47
1
1
51
52
1
1
1
1
1
1
1
1
62
1
64
65
66
67
68
1
1
2
2
2
2
2
2
2
2
2
2
2
2
2
2
2
2
2
42
2
2
2
2
48
2
2
2
2
2
2
2
2
2
2
2
2
62
2
2
2
2
67
2
2
2
2
2
74
2
2
2
29
2
2
2
34
2
2
2
38
2
2
2
2
44
2
46
2
2
49
2
2
2
2
2
56
2
2
2
60
2
2
64
2
2
67
68
2
2
71
2
73
75
76
77
2
2
31
32
33
2
3
3
3
3
3
3
3
3
45
3
3
3
3
3
3
3
3
3
56
3
3
3
3
3
3
3
3
3
67
3
3
3
72
3
3
3
3
77
3
3
3
3
3
84
3
3
38
3
40
3
3
3
45
3
47
48
3
3
3
3
53
3
3
57
3
59
60
61
3
3
3
66
3
3
3
3
3
3
3
74
3
3
78
79
3
3
82
3
84
3
86
88
89
3
42
3
44
3
46
47
4
4
4
4
4
4
4
4
58
4
4
4
4
4
4
4
4
4
4
4
4
4
4
4
4
77
4
4
4
4
82
84
85
4
87
4
4
4
4
4
93
4
4
48
49
50
4
4
4
4
55
4
4
4
60
4
4
63
4
4
66
4
69
4
71
4
73
74
4
76
4
79
4
81
82
4
4
4
86
87
88
4
4
4
4
4
4
96
97
4
4
4
4
4
6
7
4
4
4
4
5
5
5
5
16
5
5
5
5
5
5
5
5
5
5
5
5
Time in seconds: 1.85851
